E, [2017-01-23T09:10:19.436804 #19449] ERROR -- Kitchen: ------Exception-------
E, [2017-01-23T09:10:19.436890 #19449] ERROR -- Kitchen: Class: Kitchen::UserError
E, [2017-01-23T09:10:19.436904 #19449] ERROR -- Kitchen: Message: Kitchen YAML file /Users/cjo/Development/compliance-demo/chef-repo/cookbooks/.kitchen.yml does not exist.
E, [2017-01-23T09:10:19.436914 #19449] ERROR -- Kitchen: ----------------------
E, [2017-01-23T09:10:19.436921 #19449] ERROR -- Kitchen: ------Backtrace-------
E, [2017-01-23T09:10:19.436929 #19449] ERROR -- Kitchen: /opt/chefdk/embedded/lib/ruby/gems/2.3.0/gems/test-kitchen-1.14.2/lib/kitchen/loader/yaml.rb:71:in `read'
E, [2017-01-23T09:10:19.436937 #19449] ERROR -- Kitchen: /opt/chefdk/embedded/lib/ruby/gems/2.3.0/gems/test-kitchen-1.14.2/lib/kitchen/config.rb:152:in `data'
E, [2017-01-23T09:10:19.436945 #19449] ERROR -- Kitchen: /opt/chefdk/embedded/lib/ruby/gems/2.3.0/gems/test-kitchen-1.14.2/lib/kitchen/config.rb:131:in `suites'
E, [2017-01-23T09:10:19.436952 #19449] ERROR -- Kitchen: /opt/chefdk/embedded/lib/ruby/gems/2.3.0/gems/test-kitchen-1.14.2/lib/kitchen/config.rb:182:in `filter_instances'
E, [2017-01-23T09:10:19.436960 #19449] ERROR -- Kitchen: /opt/chefdk/embedded/lib/ruby/gems/2.3.0/gems/test-kitchen-1.14.2/lib/kitchen/config.rb:141:in `build_instances'
E, [2017-01-23T09:10:19.436967 #19449] ERROR -- Kitchen: /opt/chefdk/embedded/lib/ruby/gems/2.3.0/gems/test-kitchen-1.14.2/lib/kitchen/config.rb:117:in `instances'
E, [2017-01-23T09:10:19.436974 #19449] ERROR -- Kitchen: /opt/chefdk/embedded/lib/ruby/gems/2.3.0/gems/test-kitchen-1.14.2/lib/kitchen/command.rb:112:in `filtered_instances'
E, [2017-01-23T09:10:19.436982 #19449] ERROR -- Kitchen: /opt/chefdk/embedded/lib/ruby/gems/2.3.0/gems/test-kitchen-1.14.2/lib/kitchen/command.rb:142:in `parse_subcommand'
E, [2017-01-23T09:10:19.436990 #19449] ERROR -- Kitchen: /opt/chefdk/embedded/lib/ruby/gems/2.3.0/gems/test-kitchen-1.14.2/lib/kitchen/command/list.rb:30:in `call'
E, [2017-01-23T09:10:19.436997 #19449] ERROR -- Kitchen: /opt/chefdk/embedded/lib/ruby/gems/2.3.0/gems/test-kitchen-1.14.2/lib/kitchen/cli.rb:53:in `perform'
E, [2017-01-23T09:10:19.437004 #19449] ERROR -- Kitchen: /opt/chefdk/embedded/lib/ruby/gems/2.3.0/gems/test-kitchen-1.14.2/lib/kitchen/cli.rb:121:in `list'
E, [2017-01-23T09:10:19.437012 #19449] ERROR -- Kitchen: /opt/chefdk/embedded/lib/ruby/gems/2.3.0/gems/thor-0.19.4/lib/thor/command.rb:27:in `run'
E, [2017-01-23T09:10:19.437019 #19449] ERROR -- Kitchen: /opt/chefdk/embedded/lib/ruby/gems/2.3.0/gems/thor-0.19.4/lib/thor/invocation.rb:126:in `invoke_command'
E, [2017-01-23T09:10:19.437026 #19449] ERROR -- Kitchen: /opt/chefdk/embedded/lib/ruby/gems/2.3.0/gems/test-kitchen-1.14.2/lib/kitchen/cli.rb:334:in `invoke_task'
E, [2017-01-23T09:10:19.437048 #19449] ERROR -- Kitchen: /opt/chefdk/embedded/lib/ruby/gems/2.3.0/gems/thor-0.19.4/lib/thor.rb:369:in `dispatch'
E, [2017-01-23T09:10:19.437056 #19449] ERROR -- Kitchen: /opt/chefdk/embedded/lib/ruby/gems/2.3.0/gems/thor-0.19.4/lib/thor/base.rb:444:in `start'
E, [2017-01-23T09:10:19.437063 #19449] ERROR -- Kitchen: /opt/chefdk/embedded/lib/ruby/gems/2.3.0/gems/test-kitchen-1.14.2/bin/kitchen:13:in `block in <top (required)>'
E, [2017-01-23T09:10:19.437070 #19449] ERROR -- Kitchen: /opt/chefdk/embedded/lib/ruby/gems/2.3.0/gems/test-kitchen-1.14.2/lib/kitchen/errors.rb:171:in `with_friendly_errors'
E, [2017-01-23T09:10:19.437078 #19449] ERROR -- Kitchen: /opt/chefdk/embedded/lib/ruby/gems/2.3.0/gems/test-kitchen-1.14.2/bin/kitchen:13:in `<top (required)>'
E, [2017-01-23T09:10:19.437085 #19449] ERROR -- Kitchen: /usr/local/bin/kitchen:21:in `load'
E, [2017-01-23T09:10:19.437092 #19449] ERROR -- Kitchen: /usr/local/bin/kitchen:21:in `<main>'
E, [2017-01-23T09:10:19.437099 #19449] ERROR -- Kitchen: ----End Backtrace-----
